<?xml version="1.0" encoding="UTF-8"?>
<!-- Generated by org.testng.reporters.JUnitXMLReporter -->
<testsuite hostname="B1403F2D" name="Vitreos Test Result Firefox" tests="1" failures="1" timestamp="4 Mar 2016 08:35:20 GMT" time="27.043" errors="0">
  <testcase name="verifyLogin" time="0.06" classname="com.psci.testscripts.TestPSCI">
    <failure type="java.lang.AssertionError" message="Login Title validation failed expected [Vitreos Healthcare Data Analyzer] but found [Problem loading page]">
      <![CDATA[java.lang.AssertionError: Login Title validation failed expected [Vitreos Healthcare Data Analyzer] but found [Problem loading page]
	at com.psci.pageobject.VitreosLoginPage.verifyLoginPage(VitreosLoginPage.java:42)
	at com.psci.testscripts.TestPSCI.verifyLogin(TestPSCI.java:58)
... Removed 28 stack frames]]>
    </failure>
  </testcase> <!-- verifyLogin -->
</testsuite> <!-- Vitreos Test Result Firefox -->
